  main.cpp
main.obj : error LNK2019: unresolved external symbol _SDL_GetError referenced in function _SDL_main
main.obj : error LNK2019: unresolved external symbol _SDL_FreeSurface referenced in function _SDL_main
main.obj : error LNK2019: unresolved external symbol _SDL_CreateWindow referenced in function _SDL_main
main.obj : error LNK2019: unresolved external symbol _SDL_DestroyWindow referenced in function _SDL_main
main.obj : error LNK2019: unresolved external symbol _SDL_PollEvent referenced in function _SDL_main
main.obj : error LNK2019: unresolved external symbol _SDL_CreateRenderer referenced in function _SDL_main
main.obj : error LNK2019: unresolved external symbol _SDL_CreateTextureFromSurface referenced in function _SDL_main
main.obj : error LNK2019: unresolved external symbol _SDL_RenderClear referenced in function _SDL_main
main.obj : error LNK2019: unresolved external symbol _SDL_RenderCopy referenced in function _SDL_main
main.obj : error LNK2019: unresolved external symbol _SDL_RenderPresent referenced in function _SDL_main
main.obj : error LNK2019: unresolved external symbol _SDL_GetTicks referenced in function _SDL_main
main.obj : error LNK2019: unresolved external symbol _SDL_Init referenced in function _SDL_main
main.obj : error LNK2019: unresolved external symbol _SDL_Quit referenced in function _SDL_main
main.obj : error LNK2019: unresolved external symbol _IMG_Load referenced in function _SDL_main
MSVCRTD.lib(exe_main.obj) : error LNK2019: unresolved external symbol _main referenced in function "int __cdecl invoke_main(void)" (?invoke_main@@YAHXZ)
C:\vclib\SDL\lib\x64\SDL2.lib : warning LNK4272: library machine type 'x64' conflicts with target machine type 'x86'
C:\vclib\SDL\lib\x64\SDL2main.lib : warning LNK4272: library machine type 'x64' conflicts with target machine type 'x86'
C:\vclib\SDL\lib\x64\SDL2_image.lib : warning LNK4272: library machine type 'x64' conflicts with target machine type 'x86'
C:\vclib\SDL\lib\x64\SDL2_mixer.lib : warning LNK4272: library machine type 'x64' conflicts with target machine type 'x86'
C:\vclib\SDL\lib\x64\SDL2_ttf.lib : warning LNK4272: library machine type 'x64' conflicts with target machine type 'x86'
C:\Users\Administrator\Desktop\Advanced Computer Programming\JMortonCPPA3_15\SDLGame3\Debug\SDLGame3.exe : fatal error LNK1120: 15 unresolved externals
